/api/user/login POST {"email":"tomeelo2g@gmail.com","password":"1234567"}
/api/events/GetLocationById?id=94 GET {}
/api/events/GetLocationById?id=94 GET {}
/api/events/GetLocationById?id=94 GET {}
/api/events/GetLocationById?id=94 GET {}
/api/events/GetLocationById?id=94 GET {}
/api/events/GetLocationById?id=94 GET {}
/api/events/GetLocationById?id=94 GET {}
/api/events/GetLocationById?id=94 GET {}
/api/events/GetLocationById?id=94 GET {}
/api/events/GetLocationById?id=94 GET {}
/api/events/GetLocationById?id=94 GET {}
/api/events/GetLocationById?id=94 GET {}
/api/events/GetLocationById?id=94 GET {}
/api/events/GetLocationById?id=94 GET {}
/api/events/GetLocationById?id=94 GET {}
/api/events/GetLocationById?id=94 GET {}
/api/events/GetLocationById?id=94 GET {}
/api/events/GetLocationById?id=94 GET {}
/api/events/GetLocationById?id=94 GET {}
/api/events/GetLocationById?id=94 GET {}
/api/events/GetLocationById?id=94 GET {}
/api/events/GetLocationById?id=94 GET {}
/api/events/GetLocationById?id=94 GET {}
/api/events/GetLocationById?id=94 GET {}
/api/events/GetLocationById?id=94 GET {}
/api/events/GetLocationById?id=94 GET {}
/api/events/GetLocationById?id=94 GET {}
/api/events/GetLocationById?id=94 GET {}
/api/events/GetLocationById?id=94 GET {}
/api/events/GetLocationById?id=94 GET {}
/api/events/GetLocationById?id=94 GET {}
/api/events/GetLocationById?id=94 GET {}
/api/events/GetLocationById?id=94 GET {}
/api/events/GetLocationById?id=94 GET {}
/api/events/GetLocationById?id=94 GET {}
/api/events/GetLocationById?id=94 GET {}
/api/events/GetLocationById?id=94 GET {}
/api/events/GetLocationById?id=94 GET {}
/api/events/GetLocationById?id=94 GET {}
/api/events/GetLocationById?id=94 GET {}
/api/events/GetLocationById?id=94 GET {}
/api/events/GetLocationById?id=94 GET {}
/api/events/GetLocationById?id=94 GET {}
/api/events/GetLocationById?id=94 GET {}
/api/events/GetLocationById?id=94 GET {}
/api/events/GetLocationById?id=94 GET {}
/api/events/GetLocationById?id=94 GET {}
/api/events/GetLocationById?id=94 GET {}
/api/events/GetLocationById?id=94 GET {}
/api/events/GetLocationById?id=94 GET {}
/api/events/GetLocationById?id=94 GET {}
/api/events/GetLocationById?id=94 GET {}
/api/events/GetLocationById?id=94 GET {}
/api/events/GetLocationById?id=94 GET {}
/api/events/GetLocationById?id=94 GET {}
/api/events/GetLocationById?id=94 GET {}
/api/events/GetLocationById?id=94 GET {}
/api/events/GetLocationById?id=94 GET {}
/api/events/GetLocationById?id=94 GET {}
/api/events/GetLocationById?id=94 GET {}
/api/events/GetLocationById?id=94 GET {}
/api/events/GetLocationById?id=94 GET {}
/api/user/login POST {"email":"tomeelo2g@gmail.com","password":"1234567"}
/api/events/GetLocationById?id=94 GET {}
/api/events/GetLocationById?id=94 GET {}
/api/events/GetLocationById?id=94 GET {}
/api/events/GetLocationById?id=94 GET {}
/api/events/GetLocationById?id=94 GET {}
/api/events/GetLocationById?id=94 GET {}
/api-docs GET {}
/api-docs/ GET {}
/api-docs/swagger-ui.css GET {}
/api-docs/swagger-ui-init.js GET {}
/api-docs/swagger-ui-bundle.js GET {}
/api-docs/swagger-ui-standalone-preset.js GET {}
/api-docs/favicon-32x32.png GET {}
/api-docs/ GET {}
/api-docs/swagger-ui.css GET {}
/api-docs/swagger-ui-bundle.js GET {}
/api-docs/swagger-ui-standalone-preset.js GET {}
/api-docs/swagger-ui-init.js GET {}
/api-docs/favicon-32x32.png GET {}
/api-docs/ GET {}
/api-docs/swagger-ui.css GET {}
/api-docs/swagger-ui-bundle.js GET {}
/api-docs/swagger-ui-init.js GET {}
/api-docs/swagger-ui-standalone-preset.js GET {}
/api-docs/favicon-32x32.png GET {}
/api-docs/ GET {}
/api-docs/swagger-ui-init.js GET {}
/api-docs/swagger-ui.css GET {}
/api-docs/swagger-ui-bundle.js GET {}
/api-docs/swagger-ui-standalone-preset.js GET {}
/api-docs/favicon-32x32.png GET {}
/api-docs/ GET {}
/api-docs/swagger-ui.css GET {}
/api-docs/swagger-ui-bundle.js GET {}
/api-docs/swagger-ui-init.js GET {}
/api-docs/swagger-ui-standalone-preset.js GET {}
/api-docs/favicon-32x32.png GET {}
/api-docs/ GET {}
/api-docs/swagger-ui.css GET {}
/api-docs/swagger-ui-init.js GET {}
/api-docs/swagger-ui-bundle.js GET {}
/api-docs/swagger-ui-standalone-preset.js GET {}
/api-docs/favicon-32x32.png GET {}
/api-docs/ GET {}
/api-docs/swagger-ui.css GET {}
/api-docs/swagger-ui-init.js GET {}
/api-docs/swagger-ui-bundle.js GET {}
/api-docs/swagger-ui-standalone-preset.js GET {}
/api-docs/favicon-32x32.png GET {}
/api-docs/ GET {}
/api-docs/swagger-ui.css GET {}
/api-docs/swagger-ui-bundle.js GET {}
/api-docs/swagger-ui-init.js GET {}
/api-docs/swagger-ui-standalone-preset.js GET {}
/api-docs/favicon-32x32.png GET {}
/api-docs/ GET {}
/api-docs/swagger-ui.css GET {}
/api-docs/swagger-ui-bundle.js GET {}
/api-docs/swagger-ui-init.js GET {}
/api-docs/swagger-ui-standalone-preset.js GET {}
/api-docs/favicon-32x32.png GET {}
/api-docs/ GET {}
/api-docs/swagger-ui.css GET {}
/api-docs/swagger-ui-init.js GET {}
/api-docs/swagger-ui-bundle.js GET {}
/api-docs/swagger-ui-standalone-preset.js GET {}
/api-docs/favicon-32x32.png GET {}
/api-docs/ GET {}
/api-docs/swagger-ui-init.js GET {}
/api-docs/swagger-ui.css GET {}
/api-docs/swagger-ui-bundle.js GET {}
/api-docs/swagger-ui-standalone-preset.js GET {}
/api-docs/favicon-32x32.png GET {}
/api-docs/ GET {}
/api-docs/swagger-ui.css GET {}
/api-docs/swagger-ui-bundle.js GET {}
/api-docs/swagger-ui-init.js GET {}
/api-docs/swagger-ui-standalone-preset.js GET {}
/api-docs/favicon-32x32.png GET {}
/api-docs/ GET {}
/api-docs/swagger-ui.css GET {}
/api-docs/swagger-ui-init.js GET {}
/api-docs/swagger-ui-bundle.js GET {}
/api-docs/swagger-ui-standalone-preset.js GET {}
/api-docs/favicon-32x32.png GET {}
/api-docs/ GET {}
/api-docs/swagger-ui-init.js GET {}
/api-docs/swagger-ui.css GET {}
/api-docs/swagger-ui-bundle.js GET {}
/api-docs/swagger-ui-standalone-preset.js GET {}
/api-docs/favicon-32x32.png GET {}
/api-docs/ GET {}
/api-docs/swagger-ui-init.js GET {}
/api-docs/swagger-ui-bundle.js GET {}
/api-docs/swagger-ui-standalone-preset.js GET {}
/api-docs/swagger-ui.css GET {}
/api-docs/favicon-32x32.png GET {}
